2026-01-10T13:07:25.703590700Z | Loaded data from: client-data\data.txt
2026-01-10T13:07:45.791789900Z | Auto-saved at 2026-01-10T13:07:45.791789900Z
2026-01-10T13:07:45.950670100Z | Connected to 127.0.0.1:5555
2026-01-10T13:07:45.955836Z | SERVER: WELCOME|Connected to server
2026-01-10T13:07:59.611387300Z | Task created: Task1 (ACCOUNTING)
2026-01-10T13:08:01.141135900Z | Total for Task1: 00:00:00
2026-01-10T13:08:05.803950600Z | Auto-saved at 2026-01-10T13:08:05.803950600Z
2026-01-10T13:08:11.633717400Z | Timer started: Task1 (User: Klaudio)
2026-01-10T13:08:14.709410900Z | Timer stopped: Task1 by Klaudio (3s)
2026-01-10T13:08:14.719222300Z | TX: ENTRY|3756a1c9-cb54-473f-882a-75e34de3cfd1|2026-01-10T13:08:11.632573600Z|2026-01-10T13:08:14.691514Z|3|Klaudio|ACCOUNTING|Task1
2026-01-10T13:08:14.724785400Z | Total for Task1: 00:00:03
2026-01-10T13:08:14.768094200Z | SERVER: OK|ENTRY|3756a1c9-cb54-473f-882a-75e34de3cfd1|2026-01-10T13:08:11.632573600Z|2026-01-10T13:08:14.691514Z|3|Klaudio|ACCOUNTING|Task1
2026-01-10T13:08:25.805796Z | Auto-saved at 2026-01-10T13:08:25.805796Z
2026-01-10T13:08:45.805184500Z | Auto-saved at 2026-01-10T13:08:45.805184500Z
2026-01-13T12:19:27.421405400Z | Loaded data from: client-data\data.txt
2026-01-13T12:19:29.851394600Z | Connected to 127.0.0.1:5555
2026-01-13T12:19:29.854855400Z | SERVER: WELCOME|Connected to server
2026-01-13T12:19:37.190222400Z | SERVER: SERVER_CMD|hi
2026-01-13T12:19:47.517476700Z | Auto-saved at 2026-01-13T12:19:47.517476700Z
2026-01-13T12:20:07.494746300Z | Auto-saved at 2026-01-13T12:20:07.494746300Z
2026-01-13T12:20:27.497886400Z | Auto-saved at 2026-01-13T12:20:27.497886400Z
2026-01-13T12:20:41.541664Z | Loaded data from: client-data\data.txt
2026-01-13T12:20:43.892778600Z | Total for Task1: 00:00:03
2026-01-13T12:20:48.365792100Z | Saved to: client-data\data.txt
